
Starting:    d:\Microsemi\Libero_v9.1\Synopsys\synplify_E201009A-1\bin\mbin\synplify.exe
Install:     d:\Microsemi\Libero_v9.1\Synopsys\synplify_E201009A-1
Date:        Mon Jun 16 17:36:55 2014
Version:     E-2010.09A-1

Arguments:   -product synplify_pro sim_db_syn.prj
ProductType: synplify_pro

License checkout: synplifypro_actel
License: synplifypro_actel node-locked 
Licensed Vendor: actel
License Feature: actel_oem



"maxfan_hard3" is unrecognized option for current device

Running synthesis on sim_db_syn:synthesis

log file: "D:\Actelprj\simdb-fpga\synthesis\SIM_DB.srr"



Running HDL Compiler...


Compiler Completed with warnings
Return Code: 1
Run Time:00:00:05


Running ProASIC3 Mapper...


ProASIC3 Mapper Completed with warnings
Return Code: 1
Run Time:00:00:38

exit status=0


License checkin: synplifypro_actel

